<?xml version="1.0" encoding="UTF-8"?>
<testsuite name="practiceform.tests.PracticeFormWithFakerTests" tests="4" skipped="0" failures="0" errors="0" timestamp="2025-04-09T11:44:03" hostname="master" time="61.184">
  <properties/>
  <testcase name="Это негативный тест на обязательные поля с пустым именем" classname="practiceform.tests.PracticeFormWithFakerTests" time="10.361"/>
  <testcase name="Это полный позитивный тест" classname="practiceform.tests.PracticeFormWithFakerTests" time="22.403"/>
  <testcase name="Это негативный тест на обязательные поля с пустым гендером" classname="practiceform.tests.PracticeFormWithFakerTests" time="11.821"/>
  <testcase name="Это позитивный тест на обязательные поля" classname="practiceform.tests.PracticeFormWithFakerTests" time="16.514"/>
  <system-out><![CDATA[]]></system-out>
  <system-err><![CDATA[[Test worker] INFO com.codeborne.selenide.WebDriverThreadLocalContainer - No webdriver is bound to current thread: 1 - let's create a new webdriver
[Test worker] INFO com.codeborne.selenide.webdriver.WebDriverFactory - Selenide 7.7.1 / Selenium 4.28.0 / chrome 128.0.6613.137 linux
[Test worker] INFO com.codeborne.selenide.WebDriverThreadLocalContainer - No webdriver is bound to current thread: 1 - let's create a new webdriver
[Test worker] INFO com.codeborne.selenide.webdriver.WebDriverFactory - Selenide 7.7.1 / Selenium 4.28.0 / chrome 128.0.6613.137 linux
[Test worker] INFO com.codeborne.selenide.WebDriverThreadLocalContainer - No webdriver is bound to current thread: 1 - let's create a new webdriver
[Test worker] INFO com.codeborne.selenide.webdriver.WebDriverFactory - Selenide 7.7.1 / Selenium 4.28.0 / chrome 128.0.6613.137 linux
[Test worker] INFO com.codeborne.selenide.WebDriverThreadLocalContainer - No webdriver is bound to current thread: 1 - let's create a new webdriver
[Test worker] INFO com.codeborne.selenide.webdriver.WebDriverFactory - Selenide 7.7.1 / Selenium 4.28.0 / chrome 128.0.6613.137 linux
]]></system-err>
</testsuite>
